Program identifier: LWPM 2.1

Run started  on 03-01-2021 at 23:56:34
file-mds    Output\                                                                                                     
file-lwf    Output\                                                                                                     
file-prf    cases\                                                                                                      
file-ndx    cases\                                                                                                      
case-id     bfield                                                                                                      
tx          bfield                                                                                                      
tx-data     fdtdnaa  24.000  44.646   67.281  100.0  0.0   0.000  0.0                                                   
receivers   40.01 105.244                                                                                               
range-max   2000                                                                                                        
ionosphere  range exponential bfield                                                                                    
rx-data     vertical 0                                                                                                  
lwf-vs-dist 2000 5                                                                                                      
mc-options  full-wave 50 true                                                                                           
print-lwf   1                                                                                                           
lwflds                                                                                                                  
preseg                                                                                                                  
start                                                                                                                   
xmtr_id                tlat    tlon   bearing  range
fdtdnaa               44.65   67.28    274.0    2000.

LWFields
file_id:  01Mar21 IV6 LWPM 2.1 c:\lwpcv21_0\output\bfield.mds
          01Mar21 IV6 LWPM 2.1 c:\lwpcv21_0\output\bfield.lwf
          ***
prgm_id:  LWPM 2.1
case_id:  bfield
prfl_id:  Rng Exp: bfield                         
xmtr_id                tlat    tlon   freq
fdtdnaa                44.6    67.3   24.0
path_id                lat1    lon1   lat2    lon2
Receivers               0.0     0.0    0.0     0.0

 bfield                                                                          
 freq= 24.0 tlat= 44.6 tlon=  67.3 bearng=274.0  power= 100.
 z component  incl= 0. headng=  0. talt= 0.0 ralt= 0.0
  dist   amplitude  phase    dist   amplitude  phase    dist   amplitude  phase  
     0.   64.2713    0.0000   675.   73.6023   72.7096  1350.   69.1297  185.5450
     5.  113.4430  104.5821   680.   73.5593   73.3990  1355.   69.0587  186.8460
    10.  109.6254  116.0888   685.   73.5247   73.8200  1360.   68.9542  187.9833
    15.  106.6577  125.4212   690.   73.5042   74.0038  1365.   68.8302  188.9001
    20.  103.9233  131.4912   695.   73.5032   73.9523  1370.   68.7016  189.5837
    25.  101.4504  133.4477   700.   73.5331   73.6504  1375.   68.5816  190.0603
    30.   99.5175  131.8671   705.   73.6146   73.1217  1380.   68.4793  190.3814
    35.   98.2830  129.4457   710.   73.7718   72.4932  1385.   68.3998  190.6076
    40.   97.5084  128.8042   715.   74.0180   72.0114  1390.   68.3447  190.7977
    45.   96.8113  130.2944   720.   74.3428   71.9730  1395.   68.3130  191.0041
    50.   95.9690  132.7101   725.   74.7107   72.6063  1400.   68.3023  191.2733
    55.   94.9598  134.5874   730.   75.0727   73.9829  1405.   68.3084  191.6458
    60.   93.9140  134.9447   735.   75.3830   76.0078  1410.   68.3253  192.1525
    65.   93.0322  133.8403   740.   75.6101   78.4685  1415.   68.3455  192.8089
    70.   92.4291  132.4520   745.   75.7412   81.1000  1420.   68.3614  193.6100
    75.   92.0220  132.0776   750.   75.7823   83.6454  1425.   68.3669  194.5311
    80.   91.6180  133.0318   755.   75.7548   85.9060  1430.   68.3584  195.5361
    85.   91.0716  134.6302   760.   75.6899   87.7795  1435.   68.3358  196.5894
    90.   90.3587  135.7820   765.   75.6196   89.2792  1440.   68.3015  197.6678
    95.   89.5836  135.5947   770.   75.5673   90.5166  1445.   68.2585  198.7681
   100.   88.9334  133.9905   775.   75.5415   91.6455  1450.   68.2087  199.9046
   105.   88.5445  132.0022   780.   75.5361   92.7938  1455.   68.1512  201.0997
   110.   88.3667  131.0195   785.   75.5384   94.0183  1460.   68.0820  202.3698
   115.   88.2080  131.5948   790.   75.5373   95.3058  1465.   67.9957  203.7148
   120.   87.8924  133.1851   795.   75.5294   96.6106  1470.   67.8870  205.1145
   125.   87.3525  134.6355   800.   75.5189   97.9016  1475.   67.7526  206.5346
   130.   86.6594  134.7187   805.   75.5130   99.1951  1480.   67.5922  207.9381
   135.   86.0250  132.7948   810.   75.5152  100.5557  1485.   67.4078  209.2983
   140.   85.7023  129.6411   815.   75.5200  102.0645  1490.   67.2017  210.6062
   145.   85.7536  127.2877   820.   75.5134  103.7746  1495.   66.9748  211.8686
   150.   85.9685  127.2717   825.   75.4767  105.6770  1500.   66.7250  213.0977
   155.   86.0642  129.5827   830.   75.3931  107.6930  1505.   66.4463  214.2941
   160.   85.8513  133.1698   835.   75.2530  109.6918  1510.   66.1310  215.4322
   165.   85.2230  136.5091   840.   75.0568  111.5209  1515.   65.7714  216.4520
   170.   84.3094  137.8419   845.   74.8156  113.0418  1520.   65.3632  217.2618
   175.   83.3145  135.8097   850.   74.5482  114.1591  1525.   64.9075  217.7496
   180.   82.6786  130.3262   855.   74.2770  114.8371  1530.   64.4120  217.8011
   185.   82.7534  124.2303   860.   74.0239  115.0990  1535.   63.8907  217.3180
   190.   83.3604  121.1713   865.   73.8063  115.0095  1540.   63.3620  216.2331
   195.   84.0324  122.1538   870.   73.6375  114.6550  1545.   62.8464  214.5147
   200.   84.4480  126.1355   875.   73.5270  114.1354  1550.   62.3649  212.1608
   205.   84.4725  131.7065   880.   73.4819  113.5700  1555.   61.9387  209.1903
   210.   84.0649  137.6206   885.   73.5039  113.1048  1560.   61.5911  205.6454
   215.   83.2259  142.7186   890.   73.5855  112.9005  1565.   61.3486  201.6136
   220.   81.9965  145.7178   895.   73.7083  113.0958  1570.   61.2373  197.2610
   225.   80.5114  145.0776   900.   73.8448  113.7638  1575.   61.2752  192.8459
   230.   79.1159  139.4494   905.   73.9655  114.8871  1580.   61.4622  188.6827
   235.   78.3755  129.6153   910.   74.0460  116.3638  1585.   61.7774  185.0626
   240.   78.5861  119.7822   915.   74.0724  118.0374  1590.   62.1843  182.1815
   245.   79.3956  113.6420   920.   74.0437  119.7389  1595.   62.6424  180.1152
   250.   80.3240  111.4888   925.   73.9706  121.3298  1600.   63.1155  178.8420
   255.   81.1339  112.1569   930.   73.8711  122.7365  1605.   63.5755  178.2831
   260.   81.7581  114.6236   935.   73.7639  123.9660  1610.   64.0024  178.3359
   265.   82.1875  118.2620   940.   73.6609  125.0907  1615.   64.3820  178.8916
   270.   82.4212  122.6953   945.   73.5627  126.2051  1620.   64.7045  179.8417
   275.   82.4532  127.6441   950.   73.4591  127.3716  1625.   64.9636  181.0766
   280.   82.2735  132.8325   955.   73.3351  128.5822  1630.   65.1560  182.4856
   285.   81.8742  137.9458   960.   73.1789  129.7537  1635.   65.2823  183.9587
   290.   81.2559  142.6209   965.   72.9882  130.7530  1640.   65.3472  185.3928
   295.   80.4340  146.4617   970.   72.7739  131.4437  1645.   65.3589  186.7000
   300.   79.4440  149.0821   975.   72.5583  131.7378  1650.   65.3286  187.8161
   305.   78.3423  150.1835   980.   72.3700  131.6371  1655.   65.2690  188.7068
   310.   77.1955  149.6367   985.   72.2343  131.2446  1660.   65.1921  189.3674
   315.   76.0571  147.4724   990.   72.1648  130.7327  1665.   65.1076  189.8156
   320.   74.9529  143.6761   995.   72.1602  130.2830  1670.   65.0219  190.0795
   325.   73.9136  137.8958  1000.   72.2081  130.0308  1675.   64.9388  190.1847
   330.   73.0710  129.5162  1005.   72.2920  130.0462  1680.   64.8610  190.1486
   335.   72.7227  118.7184  1010.   72.3975  130.3495  1685.   64.7916  189.9820
   340.   73.1229  107.8350  1015.   72.5141  130.9413  1690.   64.7344  189.6987
   345.   74.1241   99.9850  1020.   72.6329  131.8230  1695.   64.6941  189.3243
   350.   75.3151   96.2462  1025.   72.7449  132.9977  1700.   64.6740  188.9006
   355.   76.3872   95.7926  1030.   72.8388  134.4588  1705.   64.6742  188.4790
   360.   77.2118   97.3304  1035.   72.9026  136.1748  1710.   64.6916  188.1077
   365.   77.7728   99.7461  1040.   72.9252  138.0827  1715.   64.7196  187.8167
   370.   78.1142  102.2169  1045.   72.8994  140.0937  1720.   64.7513  187.6110
   375.   78.3164  104.2292  1050.   72.8237  142.1077  1725.   64.7807  187.4722
   380.   78.4779  105.6348  1055.   72.7019  144.0318  1730.   64.8052  187.3693
   385.   78.6842  106.6881  1060.   72.5417  145.7950  1735.   64.8251  187.2720
   390.   78.9718  107.9253  1065.   72.3528  147.3552  1740.   64.8431  187.1624
   395.   79.3128  109.8745  1070.   72.1437  148.6944  1745.   64.8623  187.0387
   400.   79.6374  112.7961  1075.   71.9211  149.8043  1750.   64.8850  186.9128
   405.   79.8714  116.6261  1080.   71.6903  150.6720  1755.   64.9116  186.8021
   410.   79.9608  121.0728  1085.   71.4577  151.2742  1760.   64.9406  186.7206
   415.   79.8800  125.7354  1090.   71.2336  151.5882  1765.   64.9697  186.6732
   420.   79.6312  130.1897  1095.   71.0328  151.6181  1770.   64.9970  186.6559
   425.   79.2438  134.0500  1100.   70.8712  151.4208  1775.   65.0210  186.6587
   430.   78.7721  137.0400  1105.   70.7604  151.1144  1780.   65.0416  186.6706
   435.   78.2884  139.0833  1110.   70.7007  150.8514  1785.   65.0592  186.6830
   440.   77.8644  140.3766  1115.   70.6796  150.7657  1790.   65.0745  186.6903
   445.   77.5437  141.3602  1120.   70.6753  150.9207  1795.   65.0884  186.6887
   450.   77.3227  142.5455  1125.   70.6654  151.2875  1800.   65.1019  186.6758
   455.   77.1584  144.3060  1130.   70.6344  151.7597  1805.   65.1164  186.6506
   460.   76.9932  146.7837  1135.   70.5797  152.1947  1810.   65.1336  186.6169
   465.   76.7773  149.9376  1140.   70.5116  152.4653  1815.   65.1551  186.5860
   470.   76.4762  153.6451  1145.   70.4506  152.5071  1820.   65.1821  186.5768
   475.   76.0677  157.7818  1150.   70.4199  152.3466  1825.   65.2136  186.6133
   480.   75.5328  162.2519  1155.   70.4364  152.0949  1830.   65.2469  186.7169
   485.   74.8480  166.9767  1160.   70.5052  151.9063  1835.   65.2776  186.8992
   490.   73.9804  171.8533  1165.   70.6180  151.9204  1840.   65.3007  187.1560
   495.   72.8854  176.6954  1170.   70.7588  152.2201  1845.   65.3119  187.4673
   500.   71.5081  181.1579  1175.   70.9106  152.8239  1850.   65.3089  187.8029
   505.   69.7883  184.6224  1180.   71.0603  153.7053  1855.   65.2921  188.1314
   510.   67.6797  185.9964  1185.   71.2001  154.8219  1860.   65.2639  188.4295
   515.   65.2183  183.4133  1190.   71.3264  156.1382  1865.   65.2275  188.6884
   520.   62.7311  174.3796  1195.   71.4369  157.6330  1870.   65.1860  188.9147
   525.   61.0573  158.8775  1200.   71.5287  159.2950  1875.   65.1402  189.1246
   530.   60.7139  143.6260  1205.   71.5975  161.1109  1880.   65.0888  189.3351
   535.   60.9509  134.1932  1210.   71.6382  163.0567  1885.   65.0287  189.5545
   540.   60.9483  129.2983  1215.   71.6466  165.0946  1890.   64.9554  189.7764
   545.   60.4126  125.6696  1220.   71.6205  167.1779  1895.   64.8652  189.9793
   550.   59.3537  120.2221  1225.   71.5601  169.2601  1900.   64.7557  190.1299
   555.   58.0330  110.0529  1230.   71.4674  171.3036  1905.   64.6260  190.1892
   560.   57.0851   93.6503  1235.   71.3448  173.2825  1910.   64.4774  190.1172
   565.   57.2232   74.0438  1240.   71.1940  175.1793  1915.   64.3122  189.8752
   570.   58.4070   56.7340  1245.   71.0148  176.9749  1920.   64.1339  189.4257
   575.   60.1298   43.6920  1250.   70.8067  178.6383  1925.   63.9475  188.7306
   580.   62.0916   34.6012  1255.   70.5698  180.1205  1930.   63.7595  187.7518
   585.   64.1350   29.1874  1260.   70.3074  181.3577  1935.   63.5797  186.4557
   590.   66.1111   27.1547  1265.   70.0278  182.2849  1940.   63.4206  184.8229
   595.   67.8952   27.9079  1270.   69.7446  182.8563  1945.   63.2977  182.8615
   600.   69.4145   30.6890  1275.   69.4746  183.0657  1950.   63.2270  180.6190
   605.   70.6432   34.7672  1280.   69.2345  182.9568  1955.   63.2227  178.1864
   610.   71.5868   39.5189  1285.   69.0359  182.6146  1960.   63.2929  175.6894
   615.   72.2701   44.4375  1290.   68.8838  182.1400  1965.   63.4386  173.2671
   620.   72.7314   49.1253  1295.   68.7766  181.6206  1970.   63.6528  171.0483
   625.   73.0188   53.2964  1300.   68.7100  181.1156  1975.   63.9234  169.1324
   630.   73.1873   56.7942  1305.   68.6804  180.6609  1980.   64.2350  167.5810
   635.   73.2909   59.6094  1310.   68.6862  180.2903  1985.   64.5723  166.4204
   640.   73.3728   61.8702  1315.   68.7269  180.0534  1990.   64.9207  165.6472
   645.   73.4556   63.7840  1320.   68.7986  180.0196  1995.   65.2682  165.2369
   650.   73.5400   65.5448  1325.   68.8920  180.2605  2000.   65.6052  165.1507
   655.   73.6119   67.2565  1330.   68.9920  180.8227  3132.    0.0000    0.0000
   660.   73.6559   68.9131  1335.   69.0803  181.7057
   665.   73.6646   70.4330  1340.   69.1395  182.8557
   670.   73.6424   71.7190  1345.   69.1576  184.1754
nc nrpt bearng  rhomx  rlat   rlon   rrho    pwr    dist incl headng talt ralt
 1  402  274.0  2000.  40.0  105.2  3132.   100.      0.   0.    0.0  0.0  0.0
quit                                                                                                                    

Run finished on 03-01-2021 at 23:56:34
